<?xml version="1.0" encoding="UTF-8"?>
<!-- Generated by org.testng.reporters.JUnitReportReporter -->
<testsuite hostname="DESKTOP-LHMKJ4J" failures="0" tests="1" name="com.framework.testcase.LoginTest" time="8.213" errors="0" timestamp="2022-06-12T03:51:06 PDT" skipped="0">
  <testcase classname="com.framework.testcase.LoginTest" name="LoginApp" time="8.213"/>
  <system-out/>
</testsuite> <!-- com.framework.testcase.LoginTest -->
