<?xml version="1.0" encoding="UTF-8"?>
<!-- Generated by org.testng.reporters.JUnitReportReporter -->
<testsuite hostname="DESKTOP-LHMKJ4J" failures="0" tests="1" name="com.framework.testcase.LoginTest" time="7.499" errors="0" timestamp="2022-06-03T10:08:31 PDT" skipped="0">
  <testcase classname="com.framework.testcase.LoginTest" name="LoginApp" time="7.499"/>
  <system-out/>
</testsuite> <!-- com.framework.testcase.LoginTest -->
